app/build/outputs/logs/manifest-merger-debug-report.txt
-- Merging decision tree log ---
manifest
ADDED from src\main\AndroidManifest.xml:1:1-31:12
	package
		ADDED from src\main\AndroidManifest.xml:2:5-48
		INJECTED from src\main\AndroidManifest.xml
		INJECTED from src\main\AndroidManifest.xml
	android:versionName
		ADDED from src\main\AndroidManifest.xml:4:5-30
		INJECTED from src\main\AndroidManifest.xml
		INJECTED from src\main\AndroidManifest.xml
	android:versionCode
		ADDED from src\main\AndroidManifest.xml:3:5-28
		INJECTED from src\main\AndroidManifest.xml
		INJECTED from src\main\AndroidManifest.xml
	xmlns:android
		ADDED from src\main\AndroidManifest.xml:1:11-69
uses-sdk
ADDED from src\main\AndroidManifest.xml:6:5-8:41
	android:targetSdkVersion
		ADDED from src\main\AndroidManifest.xml:8:9-38
		INJECTED from src\main\AndroidManifest.xml
		INJECTED from src\main\AndroidManifest.xml
	android:minSdkVersion
		ADDED from src\main\AndroidManifest.xml:7:9-35
		INJECTED from src\main\AndroidManifest.xml
		INJECTED from src\main\AndroidManifest.xml
uses-permission#android.permission.WAKE_LOCK
ADDED from src\main\AndroidManifest.xml:9:5-84
	android:name
		ADDED from src\main\AndroidManifest.xml:9:22-65
intent-filter#android.intent.category.DEFAULT+android.speech.action.ACTION_WEB_SEARCH
ADDED from src\main\AndroidManifest.xml:10:2-14:21
action#android.speech.action.ACTION_WEB_SEARCH
ADDED from src\main\AndroidManifest.xml:11:9-74
	android:name
		ADDED from src\main\AndroidManifest.xml:11:17-71
category#android.intent.category.DEFAULT
ADDED from src\main\AndroidManifest.xml:13:9-68
	android:name
		ADDED from src\main\AndroidManifest.xml:13:19-65
application
ADDED from src\main\AndroidManifest.xml:15:5-29:19
	android:label
		ADDED from src\main\AndroidManifest.xml:18:9-41
	android:allowBackup
		ADDED from src\main\AndroidManifest.xml:16:9-35
	android:icon
		ADDED from src\main\AndroidManifest.xml:17:9-45
	android:theme
		ADDED from src\main\AndroidManifest.xml:19:9-40
meta-data#xposedmodule
ADDED from src\main\AndroidManifest.xml:20:9-22:36
	android:value
		ADDED from src\main\AndroidManifest.xml:22:13-33
	android:name
		ADDED from src\main\AndroidManifest.xml:21:13-40
meta-data#xposeddescription
ADDED from src\main\AndroidManifest.xml:23:9-25:192
	android:value
		ADDED from src\main\AndroidManifest.xml:25:13-189
	android:name
		ADDED from src\main\AndroidManifest.xml:24:13-45
meta-data#xposedminversion
ADDED from src\main\AndroidManifest.xml:26:9-28:34
	android:value
		ADDED from src\main\AndroidManifest.xml:28:13-31
	android:name
		ADDED from src\main\AndroidManifest.xml:27:13-44